    Checking wtf-common v0.1.0 (/home/lewis/src/wtf-engine/crates/wtf-common)
    Checking wtf-linter v0.1.0 (/home/lewis/src/wtf-engine/crates/wtf-linter)
    Checking wtf-frontend v0.1.0 (/home/lewis/src/wtf-engine/crates/wtf-frontend)
    Checking wtf-storage v0.1.0 (/home/lewis/src/wtf-engine/crates/wtf-storage)
    Checking wtf-core v0.1.0 (/home/lewis/src/wtf-engine/crates/wtf-core)
    Checking wtf-actor v0.1.0 (/home/lewis/src/wtf-engine/crates/wtf-actor)
    Checking wtf-worker v0.1.0 (/home/lewis/src/wtf-engine/crates/wtf-worker)
warning: variable `last_err` is assigned to, but never used
   --> crates/wtf-actor/src/instance/handlers.rs:241:13
    |
241 |         let mut last_err = None;
    |             ^^^^^^^^^^^^
    |
    = note: consider using `_last_err` instead
    = note: `#[warn(unused_variables)]` (part of `#[warn(unused)]`) on by default

warning: value assigned to `last_err` is never read
   --> crates/wtf-actor/src/instance/handlers.rs:265:21
    |
265 |                     last_err = Some(e);
    |                     ^^^^^^^^
    |
    = help: maybe it is overwritten before being read?
    = note: `#[warn(unused_assignments)]` (part of `#[warn(unused)]`) on by default

warning: value assigned to `last_err` is never read
   --> crates/wtf-actor/src/instance/handlers.rs:276:21
    |
276 |                     last_err = Some(e);
    |                     ^^^^^^^^
    |
    = help: maybe it is overwritten before being read?

warning: variants `CancellationTimeout` and `ActorNotRunning` are never constructed
  --> crates/wtf-actor/src/instance/handlers.rs:25:5
   |
17 | pub(crate) enum CancelError {
   |                 ----------- variants in this enum
...
25 |     CancellationTimeout(u32),
   |     ^^^^^^^^^^^^^^^^^^^
26 |     #[error("actor not running")]
27 |     ActorNotRunning,
   |     ^^^^^^^^^^^^^^^
   |
   = note: `CancelError` has a derived impl for the trait `Debug`, but this is intentionally ignored during dead code analysis
   = note: `#[warn(dead_code)]` (part of `#[warn(unused)]`) on by default

warning: `wtf-actor` (lib) generated 4 warnings
    Checking wtf-api v0.1.0 (/home/lewis/src/wtf-engine/crates/wtf-api)
    Checking wtf-cli v0.1.0 (/home/lewis/src/wtf-engine/crates/wtf-cli)
    Finished `dev` profile [unoptimized + debuginfo] target(s) in 2.31s