▮▮▮▮ root:build-web (ce718f2e)
   0. 7s  INFO Building project...
   0.603s  INFO Compiled [  1/366]: build-script-build
   0.604s  INFO Compiled [  2/366]: build-script-build
   0.606s  INFO Compiled [  3/366]: build-script-build
   0.606s  INFO Compiled [  4/366]: build-script-build
   0.609s  INFO Compiled [  6/366]: build-script-build
   0.612s  INFO Compiled [  9/366]: build-script-build
   0.625s  INFO Compiled [ 13/366]: build-script-build
   0.631s  INFO Compiled [ 15/366]: build-script-build
   0.642s  INFO Compiled [ 16/366]: build-script-build
   0.643s  INFO Compiled [ 17/366]: build-script-build
   0.644s  INFO Compiled [ 18/366]: build-script-build
   0.663s  INFO Compiled [ 20/366]: build-script-build
   0.676s  INFO Compiled [ 21/366]: build-script-build
   0.720s  INFO Compiled [ 22/366]: build-script-build
   0.739s  INFO Compiled [ 25/366]: rustversion
   0.780s  INFO Compiled [ 26/366]: build-script-build
   0.809s  INFO Compiled [ 28/366]: build-script-build
   2.703s  INFO Compiled [ 29/366]: unicode_xid
   2.703s  INFO Compiled [ 30/366]: scopeguard
   2.705s  INFO Compiled [ 31/366]: longest_increasing_subsequence
   2.707s  INFO Compiled [ 32/366]: pin_project_lite
   2.707s  INFO Compiled [ 33/366]: rustc_hash
   2.707s  INFO Compiled [ 34/366]: futures_task
   2.707s  INFO Compiled [ 35/366]: cfg_if
   2.707s  INFO Compiled [ 36/366]: futures_core
   2.707s  INFO Compiled [ 37/366]: unicode_ident
   2.707s  INFO Compiled [ 38/366]: simd_adler32
   2.707s  INFO Compiled [ 39/366]: unicode_ident
   2.719s  INFO Compiled [ 41/366]: dioxus_core_types
   2.735s  INFO Compiled [ 44/366]: futures_sink
   2.741s  INFO Compiled [ 46/366]: futures_io
   2.754s  INFO Compiled [ 47/366]: adler2
   2.774s  INFO Compiled [ 48/366]: slab
   2.779s  INFO Compiled [ 49/366]: smallvec
   2.780s  INFO Compiled [ 50/366]: bumpalo
   2.784s  INFO Compiled [ 51/366]: lazy_js_bundle
   2.786s  INFO Compiled [ 52/366]: version_check
   2.790s  INFO Compiled [ 53/366]: once_cell
   2.794s  INFO Compiled [ 54/366]: arrayvec
   2.797s  INFO Compiled [ 55/366]: log
   2.800s  INFO Compiled [ 56/366]: build-script-build
   2.807s  INFO Compiled [ 59/366]: build-script-build
   2.813s  INFO Compiled [ 60/366]: bytemuck
   2.814s  INFO Compiled [ 61/366]: bitflags
   2.817s  INFO Compiled [ 63/366]: autocfg
   2.833s  INFO Compiled [ 64/366]: wasm_bindgen_shared
   2.857s  INFO Compiled [ 65/366]: build-script-build
   2.861s  INFO Compiled [ 66/366]: build-script-build
   2.863s  INFO Compiled [ 67/366]: fnv
   2.870s  INFO Compiled [ 68/366]: build-script-build
   2.877s  INFO Compiled [ 71/366]: build-script-build
   2.881s  INFO Compiled [ 73/366]: build-script-build
   2.901s  INFO Compiled [ 74/366]: ident_case
   2.901s  INFO Compiled [ 75/366]: crc32fast
   2.904s  INFO Compiled [ 76/366]: stable_deref_trait
   2.910s  INFO Compiled [ 78/366]: build-script-build
   2.937s  INFO Compiled [ 80/366]: build-script-build
   2.941s  INFO Compiled [ 81/366]: lock_api
   2.953s  INFO Compiled [ 83/366]: build-script-build
   2.967s  INFO Compiled [ 85/366]: wasm_bindgen_shared
   2.977s  INFO Compiled [ 87/366]: futures_channel
   2.979s  INFO Compiled [ 89/366]: either
   2.984s  INFO Compiled [ 90/366]: crossbeam_utils
   2.985s  INFO Compiled [ 91/366]: quick_error
   3.20s  INFO Compiled [ 92/366]: utf8parse
   3.23s  INFO Compiled [ 93/366]: memchr
   3.41s  INFO Compiled [ 94/366]: anyhow
   3.47s  INFO Compiled [ 95/366]: float_cmp
   3.56s  INFO Compiled [ 96/366]: as_slice
   3.58s  INFO Compiled [ 97/366]: zmij
   3.66s  INFO Compiled [ 98/366]: pastey
   3.73s  INFO Compiled [ 99/366]: unicode_segmentation
   3.86s  INFO Compiled [100/366]: parking_lot_core
   3.94s  INFO Compiled [101/366]: itoa
   3.96s  INFO Compiled [102/366]: arrayref
   3.106s  INFO Compiled [103/366]: built
   3.108s  INFO Compiled [104/366]: tinyvec_macros
   3.128s  INFO Compiled [105/366]: libc
   3.152s  INFO Compiled [106/366]: lazy_static
   3.196s  INFO Compiled [107/366]: y4m
   3.200s  INFO Compiled [108/366]: build-script-build
   3.201s  INFO Compiled [109/366]: byteorder_lite
   3.206s  INFO Compiled [110/366]: color_quant
   3.206s  INFO Compiled [111/366]: fdeflate
   3.211s  INFO Compiled [112/366]: build-script-build
   3.211s  INFO Compiled [113/366]: core2
   3.228s  INFO Compiled [114/366]: weezl
   3.234s  INFO Compiled [116/366]: paste
   3.258s  INFO Compiled [117/366]: zune_core
   3.264s  INFO Compiled [118/366]: aligned
   3.289s  INFO Compiled [119/366]: build-script-build
   3.303s  INFO Compiled [120/366]: miniz_oxide
   3.305s  INFO Compiled [121/366]: strict_num
   3.307s  INFO Compiled [122/366]: tracing_core
   3.313s  INFO Compiled [123/366]: noop_proc_macro
   3.324s  INFO Compiled [124/366]: crossbeam_epoch
   3.336s  INFO Compiled [125/366]: anstyle_parse
   3.340s  INFO Compiled [126/366]: convert_case
   3.341s  INFO Compiled [127/366]: debug_unreachable
   3.407s  INFO Compiled [128/366]: thread_local
   3.423s  INFO Compiled [129/366]: colorchoice
   3.434s  INFO Compiled [130/366]: unicode_bidi_mirroring
   3.450s  INFO Compiled [131/366]: tinyvec
   3.451s  INFO Compiled [132/366]: bitflags
   3.472s  INFO Compiled [135/366]: keyboard_types
   3.475s  INFO Compiled [136/366]: imgref
   3.475s  INFO Compiled [137/366]: unicode_ccc
   3.480s  INFO Compiled [138/366]: parking_lot
   3.494s  INFO Compiled [139/366]: is_terminal_polyfill
   3.503s  INFO Compiled [140/366]: rgb
   3.514s  INFO Compiled [141/366]: proc_macro2
   3.515s  INFO Compiled [142/366]: rustc_hash
   3.554s  INFO Compiled [144/366]: anstyle_query
   3.560s  INFO Compiled [145/366]: build-script-build
   3.560s  INFO Compiled [146/366]: build-script-build
   3.562s  INFO Compiled [147/366]: siphasher
   3.568s  INFO Compiled [148/366]: crossbeam_deque
   3.584s  INFO Compiled [149/366]: loop9
   3.611s  INFO Compiled [150/366]: unicode_properties
   3.614s  INFO Compiled [151/366]: memmap2
   3.653s  INFO Compiled [152/366]: anstyle
   3.659s  INFO Compiled [153/366]: unicode_script
   3.671s  INFO Compiled [154/366]: sharded_slab
   3.695s  INFO Compiled [155/366]: sledgehammer_utils
   3.697s  INFO Compiled [156/366]: num_traits
   3.707s  INFO Compiled [157/366]: lebe
   3.723s  INFO Compiled [158/366]: flate2
   3.742s  INFO Compiled [159/366]: quote
   3.775s  INFO Compiled [160/366]: zune_inflate
   3.785s  INFO Compiled [161/366]: bytes
   3.785s  INFO Compiled [162/366]: pico_args
   3.788s  INFO Compiled [163/366]: option_ext
   3.792s  INFO Compiled [164/366]: strsim
   3.793s  INFO Compiled [165/366]: avif_serialize
   3.793s  INFO Compiled [166/366]: data_url
   3.793s  INFO Compiled [167/366]: zune_jpeg
   3.830s  INFO Compiled [168/366]: base64
   3.845s  INFO Compiled [169/366]: typenum
   3.848s  INFO Compiled [170/366]: simplecss
   3.857s  INFO Compiled [171/366]: libm
   3.869s  INFO Compiled [172/366]: bitstream_io
   3.899s  INFO Compiled [173/366]: rand_core
   3.926s  INFO Compiled [174/366]: simd_helpers
   3.933s  INFO Compiled [175/366]: imagesize
   3.938s  INFO Compiled [176/366]: unicode_vo
   3.953s  INFO Compiled [177/366]: tiny_skia_path
   3.954s  INFO Compiled [178/366]: dunce
   3.967s  INFO Compiled [179/366]: triomphe
   3.992s  INFO Compiled [180/366]: anstream
   4.48s  INFO Compiled [181/366]: core_maths
   4.55s  INFO Compiled [182/366]: bit_field
   4.74s  INFO Compiled [183/366]: rayon_core
   4.84s  INFO Compiled [184/366]: build-script-build
   4.87s  INFO Compiled [185/366]: equivalent
   4.91s  INFO Compiled [186/366]: num_integer
   4.93s  INFO Compiled [187/366]: kurbo
   4.98s  INFO Compiled [188/366]: dirs_sys
   4.107s  INFO Compiled [191/366]: zune_core
   4.107s  INFO Compiled [192/366]: clap_lex
   4.143s  INFO Compiled [194/366]: foldhash
   4.151s  INFO Compiled [195/366]: heck
   4.155s  INFO Compiled [196/366]: const_format_proc_macros
   4.167s  INFO Compiled [197/366]: roxmltree
   4.177s  INFO Compiled [198/366]: xmlwriter
   4.182s  INFO Compiled [199/366]: archery
   4.192s  INFO Compiled [200/366]: include_dir_macros
   4.287s  INFO Compiled [202/366]: rand_xoshiro
   4.332s  INFO Compiled [203/366]: serde_core
   4.364s  INFO Compiled [204/366]: send_wrapper
   4.397s  INFO Compiled [205/366]: unicode_bidi
   4.420s  INFO Compiled [206/366]: zmij
   4.427s  INFO Compiled [207/366]: sync_wrapper
   4.434s  INFO Compiled [208/366]: bitmaps
   4.448s  INFO Compiled [209/366]: itertools
   4.450s  INFO Compiled [210/366]: const_format
   4.491s  INFO Compiled [211/366]: hashbrown
   4.535s  INFO Compiled [212/366]: qoi
   4.549s  INFO Compiled [213/366]: euclid
   4.588s  INFO Compiled [214/366]: serde_core
   4.603s  INFO Compiled [215/366]: gif
   4.608s  INFO Compiled [216/366]: regex_syntax
   4.616s  INFO Compiled [217/366]: fastrand
   4.619s  INFO Compiled [218/366]: gif
   4.623s  INFO Compiled [219/366]: tower_service
   4.647s  INFO Compiled [220/366]: png
   4.650s  INFO Compiled [221/366]: itoa
   4.659s  INFO Compiled [222/366]: tower_layer
   4.668s  INFO Compiled [223/366]: svgtypes
   4.683s  INFO Compiled [224/366]: dirs
   4.696s  INFO Compiled [225/366]: glob
   4.704s  INFO Compiled [226/366]: dioxus_config_macro
   4.705s  INFO Compiled [227/366]: fixedbitset
   4.718s  INFO Compiled [228/366]: num_cpus
   4.727s  INFO Compiled [229/366]: hashbrown
   4.733s  INFO Compiled [230/366]: sized_chunks
   4.740s  INFO Compiled [231/366]: dioxus_config_macros
   4.740s  INFO Compiled [232/366]: canvas_math
   4.742s  INFO Compiled [233/366]: tap
   4.771s  INFO Compiled [234/366]: winnow
   4.803s  INFO Compiled [235/366]: include_dir
   4.814s  INFO Compiled [236/366]: zune_jpeg
   4.818s  INFO Compiled [237/366]: tempfile
   4.885s  INFO Compiled [238/366]: rpds
   4.906s  INFO Compiled [239/366]: memchr
   4.922s  INFO Compiled [240/366]: ordered_float
   4.923s  INFO Compiled [241/366]: image_webp
   4.971s  INFO Compiled [242/366]: indexmap
   4.993s  INFO Compiled [243/366]: png
   5.133s  INFO Compiled [244/366]: num_bigint
   5.146s  INFO Compiled [245/366]: regex_lite
   5.164s  INFO Compiled [246/366]: serde_json
   5.169s  INFO Compiled [247/366]: image_webp
   5.204s  INFO Compiled [248/366]: nom
   5.341s  INFO Compiled [249/366]: winnow
   5.344s  INFO Compiled [250/366]: serde_json
   5.469s  INFO Compiled [251/366]: num_rational
   5.511s  INFO Compiled [252/366]: rayon
   5.597s  INFO Compiled [253/366]: maybe_rayon
   5.743s  INFO Compiled [254/366]: clap_builder
   5.747s  INFO Compiled [255/366]: pxfm
   5.785s  INFO Compiled [256/366]: ttf_parser
   5.806s  INFO Compiled [257/366]: tiny_skia
   6.48s  INFO Compiled [258/366]: syn
   6.118s  INFO Compiled [259/366]: regex_automata
   6.140s  INFO Compiled [260/366]: petgraph
   6.194s  INFO Compiled [261/366]: dioxus_html_internal_macro
   6.194s  INFO Compiled [262/366]: profiling_procmacros
   6.205s  INFO Compiled [263/366]: proc_macro2_diagnostics
   6.205s  INFO Compiled [264/366]: warnings_macro
   6.218s  INFO Compiled [265/366]: matchers
   6.236s  INFO Compiled [266/366]: const_serialize_macro
   6.243s  INFO Compiled [267/366]: macro_string
   6.250s  INFO Compiled [268/366]: const_serialize_macro
   6.258s  INFO Compiled [269/366]: fax_derive
   6.264s  INFO Compiled [270/366]: arg_enum_proc_macro
   6.277s  INFO Compiled [271/366]: profiling
   6.312s  INFO Compiled [272/366]: equator_macro
   6.362s  INFO Compiled [273/366]: dioxus_stores_macro
   6.373s  INFO Compiled [274/366]: futures_macro
   6.390s  INFO Compiled [275/366]: const_serialize
   6.399s  INFO Compiled [276/366]: async_trait
   6.408s  INFO Compiled [277/366]: const_serialize
   6.408s  INFO Compiled [278/366]: pin_project_internal
   6.459s  INFO Compiled [279/366]: pin_project
   6.459s  INFO Compiled [280/366]: equator
   6.466s  INFO Compiled [281/366]: num_derive
   6.476s  INFO Compiled [282/366]: fax
   6.483s  INFO Compiled [283/366]: sledgehammer_bindgen_macro
   6.505s  INFO Compiled [284/366]: tracing_attributes
   6.560s  INFO Compiled [285/366]: thiserror_impl
   6.568s  INFO Compiled [286/366]: aligned_vec
   6.576s  INFO Compiled [287/366]: zerocopy_derive
   6.610s  INFO Compiled [288/366]: thiserror
   6.662s  INFO Compiled [289/366]: tracing
   6.718s  INFO Compiled [290/366]: warnings
   6.718s  INFO Compiled [291/366]: dioxus_rsx
   6.773s  INFO Compiled [292/366]: clap_derive
   6.807s  INFO Compiled [293/366]: clap
   6.821s  INFO Compiled [294/366]: generational_box
▮▮▮▮ root:build-web (6s 843ms, ce718f2e)

Tasks: 1 skipped
 Time: 43s 553ms (interrupted)
