▮▮▮▮ root:fmt (26439fd8)
Diff in /home/lewis/src/seshat/canvas_domain/src/interaction_reducer/geometry.rs:19:
         .iter()
         .filter_map(|id| doc.document.nodes.get(id).map(|node| (id, node)))
         .filter(|(_, node)| node.kind == NodeKind::Subgraph)
[31m-        .map(|(_, node)| (node.x.value(), node.y.value(), node.width.value(), node.height.value()))
(B[m[32m+        .map(|(_, node)| {
(B[m[32m+            (
(B[m[32m+                node.x.value(),
(B[m[32m+                node.y.value(),
(B[m[32m+                node.width.value(),
(B[m[32m+                node.height.value(),
(B[m[32m+            )
(B[m[32m+        })
(B[m         .collect::<Vec<_>>();
 
     if selected_subgraphs.is_empty() {
Diff in /home/lewis/src/seshat/canvas_domain/src/interaction_reducer/geometry.rs:32:
         .fold(
             selected_set,
             |acc: HashSet<NodeId>, (id, node): (&NodeId, &diagram_models::document::Node)| {
[31m-                let node_rect = (node.x.value(), node.y.value(), node.width.value(), node.height.value());
(B[m[32m+                let node_rect = (
(B[m[32m+                    node.x.value(),
(B[m[32m+                    node.y.value(),
(B[m[32m+                    node.width.value(),
(B[m[32m+                    node.height.value(),
(B[m[32m+                );
(B[m                 let included = selected_subgraphs
                     .iter()
                     .any(|subgraph_rect| within(*subgraph_rect, node_rect));
Diff in /home/lewis/src/seshat/canvas_domain/src/interaction_reducer/resize.rs:31:
             .into_iter()
             .fold(HashMap::new(), |acc, id| {
                 if let Some(n) = doc.document.nodes.get(&id) {
[31m-                    acc.update(id, (n.x.value(), n.y.value(), n.width.value(), n.height.value()))
(B[m[32m+                    acc.update(
(B[m[32m+                        id,
(B[m[32m+                        (n.x.value(), n.y.value(), n.width.value(), n.height.value()),
(B[m[32m+                    )
(B[m                 } else {
                     acc
                 }
Diff in /home/lewis/src/seshat/canvas_domain/src/interaction_reducer/tests/basic_tests.rs:516:
     let originals: HashMap<NodeId, (f64, f64, f64, f64)> = targets
         .iter()
         .filter_map(|id| {
[31m-            doc.document
(B[m[31m-                .nodes
(B[m[31m-                .get(id)
(B[m[31m-                .map(|n| (id.clone(), (n.x.value(), n.y.value(), n.width.value(), n.height.value())))
(B[m[32m+            doc.document.nodes.get(id).map(|n| {
(B[m[32m+                (
(B[m[32m+                    id.clone(),
(B[m[32m+                    (n.x.value(), n.y.value(), n.width.value(), n.height.value()),
(B[m[32m+                )
(B[m[32m+            })
(B[m         })
         .collect();
 
Diff in /home/lewis/src/seshat/canvas_domain/src/interaction_reducer/tests/basic_tests.rs:602:
     let originals: HashMap<NodeId, (f64, f64, f64, f64)> = targets
         .iter()
         .filter_map(|id| {
[31m-            doc.document
(B[m[31m-                .nodes
(B[m[31m-                .get(id)
(B[m[31m-                .map(|n| (id.clone(), (n.x.value(), n.y.value(), n.width.value(), n.height.value())))
(B[m[32m+            doc.document.nodes.get(id).map(|n| {
(B[m[32m+                (
(B[m[32m+                    id.clone(),
(B[m[32m+                    (n.x.value(), n.y.value(), n.width.value(), n.height.value()),
(B[m[32m+                )
(B[m[32m+            })
(B[m         })
         .collect();
 
Diff in /home/lewis/src/seshat/canvas_domain/src/perf/tests.rs:176:
     fn given_already_at_zoom_limit_when_wheel_then_no_change() {
         let at_max = make_input(-50.0, canvas_math::MAX_ZOOM, true, false);
         let result = wheel_update(at_max);
[31m-        assert!(result.is_none() || result.is_some_and(|(_, _, z)| z.value() <= canvas_math::MAX_ZOOM));
(B[m[32m+        assert!(
(B[m[32m+            result.is_none() || result.is_some_and(|(_, _, z)| z.value() <= canvas_math::MAX_ZOOM)
(B[m[32m+        );
(B[m 
         let at_min = make_input(50.0, canvas_math::MIN_ZOOM, true, false);
         let result_min = wheel_update(at_min);
Diff in /home/lewis/src/seshat/diagram_tool/src/history/tests/feature_his.rs:170:
     dsl.set_pos(400.0, 100.0);
 
     assert!(dsl.undo(), "first undo should succeed");
[31m-    assert_eq!(dsl.node().x.value(), 300.0, "first undo should restore x=300");
(B[m[32m+    assert_eq!(
(B[m[32m+        dsl.node().x.value(),
(B[m[32m+        300.0,
(B[m[32m+        "first undo should restore x=300"
(B[m[32m+    );
(B[m 
     assert!(dsl.undo(), "second undo should succeed");
[31m-    assert_eq!(dsl.node().x.value(), 200.0, "second undo should restore x=200");
(B[m[32m+    assert_eq!(
(B[m[32m+        dsl.node().x.value(),
(B[m[32m+        200.0,
(B[m[32m+        "second undo should restore x=200"
(B[m[32m+    );
(B[m 
     assert!(dsl.undo(), "third undo should succeed");
[31m-    assert_eq!(dsl.node().x.value(), 100.0, "third undo should restore x=100");
(B[m[32m+    assert_eq!(
(B[m[32m+        dsl.node().x.value(),
(B[m[32m+        100.0,
(B[m[32m+        "third undo should restore x=100"
(B[m[32m+    );
(B[m }
 
 /// HIS-013: Redo after multiple undos works correctly
Diff in /home/lewis/src/seshat/diagram_tool/src/history/tests/feature_his.rs:199:
     assert_eq!(dsl.node().x.value(), 200.0, "should be at state x=200");
 
     assert!(dsl.redo(), "first redo should succeed");
[31m-    assert_eq!(dsl.node().x.value(), 300.0, "first redo should restore x=300");
(B[m[32m+    assert_eq!(
(B[m[32m+        dsl.node().x.value(),
(B[m[32m+        300.0,
(B[m[32m+        "first redo should restore x=300"
(B[m[32m+    );
(B[m 
     assert!(dsl.redo(), "second redo should succeed");
[31m-    assert_eq!(dsl.node().x.value(), 400.0, "second redo should restore x=400");
(B[m[32m+    assert_eq!(
(B[m[32m+        dsl.node().x.value(),
(B[m[32m+        400.0,
(B[m[32m+        "second redo should restore x=400"
(B[m[32m+    );
(B[m }
 
Diff in /home/lewis/src/seshat/diagram_tool/src/history/tests/integration.rs:134:
 
     // Verify final position
     let node = doc.document.nodes.get(&node_id).expect("node should exist");
[31m-    assert_eq!(node.x.value(), 200.0, "Final document position should be x=200");
(B[m[31m-    assert_eq!(node.y.value(), 200.0, "Final document position should be y=200");
(B[m[32m+    assert_eq!(
(B[m[32m+        node.x.value(),
(B[m[32m+        200.0,
(B[m[32m+        "Final document position should be x=200"
(B[m[32m+    );
(B[m[32m+    assert_eq!(
(B[m[32m+        node.y.value(),
(B[m[32m+        200.0,
(B[m[32m+        "Final document position should be y=200"
(B[m[32m+    );
(B[m }
 
 /// Test push after undo clears redo stack (Contract Q1)
Diff in /home/lewis/src/seshat/diagram_tool/src/layout/grid/tests/unit.rs:186:
     let next = calculate_grid_layout(&doc, 100.0);
     let mut positions = ids
         .iter()
[31m-        .filter_map(|id| next.document.nodes.get(&id).map(|n| (n.x.value(), n.y.value())))
(B[m[32m+        .filter_map(|id| {
(B[m[32m+            next.document
(B[m[32m+                .nodes
(B[m[32m+                .get(&id)
(B[m[32m+                .map(|n| (n.x.value(), n.y.value()))
(B[m[32m+        })
(B[m         .collect::<Vec<_>>();
     positions.sort_by(|(ax, ay), (bx, by)| ay.total_cmp(by).then_with(|| ax.total_cmp(bx)));
 
Diff in /home/lewis/src/seshat/diagram_tool/src/history/tests/feature_his.rs:170:
     dsl.set_pos(400.0, 100.0);
 
     assert!(dsl.undo(), "first undo should succeed");
[31m-    assert_eq!(dsl.node().x.value(), 300.0, "first undo should restore x=300");
(B[m[32m+    assert_eq!(
(B[m[32m+        dsl.node().x.value(),
(B[m[32m+        300.0,
(B[m[32m+        "first undo should restore x=300"
(B[m[32m+    );
(B[m 
     assert!(dsl.undo(), "second undo should succeed");
[31m-    assert_eq!(dsl.node().x.value(), 200.0, "second undo should restore x=200");
(B[m[32m+    assert_eq!(
(B[m[32m+        dsl.node().x.value(),
(B[m[32m+        200.0,
(B[m[32m+        "second undo should restore x=200"
(B[m[32m+    );
(B[m 
     assert!(dsl.undo(), "third undo should succeed");
[31m-    assert_eq!(dsl.node().x.value(), 100.0, "third undo should restore x=100");
(B[m[32m+    assert_eq!(
(B[m[32m+        dsl.node().x.value(),
(B[m[32m+        100.0,
(B[m[32m+        "third undo should restore x=100"
(B[m[32m+    );
(B[m }
 
 /// HIS-013: Redo after multiple undos works correctly
Diff in /home/lewis/src/seshat/diagram_tool/src/history/tests/feature_his.rs:199:
     assert_eq!(dsl.node().x.value(), 200.0, "should be at state x=200");
 
     assert!(dsl.redo(), "first redo should succeed");
[31m-    assert_eq!(dsl.node().x.value(), 300.0, "first redo should restore x=300");
(B[m[32m+    assert_eq!(
(B[m[32m+        dsl.node().x.value(),
(B[m[32m+        300.0,
(B[m[32m+        "first redo should restore x=300"
(B[m[32m+    );
(B[m 
     assert!(dsl.redo(), "second redo should succeed");
[31m-    assert_eq!(dsl.node().x.value(), 400.0, "second redo should restore x=400");
(B[m[32m+    assert_eq!(
(B[m[32m+        dsl.node().x.value(),
(B[m[32m+        400.0,
(B[m[32m+        "second redo should restore x=400"
(B[m[32m+    );
(B[m }
 
Diff in /home/lewis/src/seshat/diagram_tool/src/history/tests/integration.rs:134:
 
     // Verify final position
     let node = doc.document.nodes.get(&node_id).expect("node should exist");
[31m-    assert_eq!(node.x.value(), 200.0, "Final document position should be x=200");
(B[m[31m-    assert_eq!(node.y.value(), 200.0, "Final document position should be y=200");
(B[m[32m+    assert_eq!(
(B[m[32m+        node.x.value(),
(B[m[32m+        200.0,
(B[m[32m+        "Final document position should be x=200"
(B[m[32m+    );
(B[m[32m+    assert_eq!(
(B[m[32m+        node.y.value(),
(B[m[32m+        200.0,
(B[m[32m+        "Final document position should be y=200"
(B[m[32m+    );
(B[m }
 
 /// Test push after undo clears redo stack (Contract Q1)
Diff in /home/lewis/src/seshat/diagram_tool/src/layout/grid/tests/unit.rs:186:
     let next = calculate_grid_layout(&doc, 100.0);
     let mut positions = ids
         .iter()
[31m-        .filter_map(|id| next.document.nodes.get(&id).map(|n| (n.x.value(), n.y.value())))
(B[m[32m+        .filter_map(|id| {
(B[m[32m+            next.document
(B[m[32m+                .nodes
(B[m[32m+                .get(&id)
(B[m[32m+                .map(|n| (n.x.value(), n.y.value()))
(B[m[32m+        })
(B[m         .collect::<Vec<_>>();
     positions.sort_by(|(ax, ay), (bx, by)| ay.total_cmp(by).then_with(|| ax.total_cmp(bx)));
 
▮▮▮▮ root:fmt (531ms, 26439fd8)